<?xml version="1.0" encoding="UTF-8"?>
<!-- Generated by org.testng.reporters.JUnitReportReporter -->
<testsuite ignored="1" hostname="net04-PC" failures="0" tests="1" name="Test_Cases.loyalty_calculator" time="15.292" errors="0" timestamp="20 Jul 2018 06:36:04 GMT" skipped="0">
  <testcase classname="Test_Cases.loyalty_calculator" name="calculate_loyalty_markup" time="15.292"/>
  <testcase classname="Test_Cases.loyalty_calculator" name="calculate_loyalty_commission">
    <skipped/>
  </testcase> <!-- calculate_loyalty_commission -->
</testsuite> <!-- Test_Cases.loyalty_calculator -->
