<?xml version="1.0" encoding="UTF-8"?>
<!-- Generated by org.testng.reporters.JUnitReportReporter -->
<testsuite name="Test_Cases.Delete_loyalty" tests="3" time="298.655" ignored="0" failures="0" timestamp="15 Mar 2018 04:27:04 GMT" skipped="0" hostname="net04-PC" errors="0">
  <testcase name="search" time="5.369" classname="Test_Cases.Delete_loyalty"/>
  <testcase name="login" time="9.075" classname="Test_Cases.Delete_loyalty"/>
  <testcase name="delete" time="284.211" classname="Test_Cases.Delete_loyalty"/>
</testsuite> <!-- Test_Cases.Delete_loyalty -->
