<?xml version="1.0" encoding="UTF-8"?>
<!-- Generated by org.testng.reporters.JUnitReportReporter -->
<testsuite name="Test_Cases.t" tests="1" time="6.140" ignored="0" failures="0" timestamp="23 Feb 2018 07:19:15 GMT" skipped="0" hostname="net04-PC" errors="0">
  <testcase name="Restaurant_Management" time="6.140" classname="Test_Cases.t"/>
</testsuite> <!-- Test_Cases.t -->
