<?xml version="1.0" encoding="UTF-8"?>
<!-- Generated by org.testng.reporters.JUnitReportReporter -->
<testsuite name="Test_Cases.SendEmail" tests="1" time="2.983" ignored="0" failures="0" timestamp="22 Mar 2018 10:31:19 GMT" skipped="0" hostname="net04-PC" errors="0">
  <testcase name="send" time="2.983" classname="Test_Cases.SendEmail"/>
</testsuite> <!-- Test_Cases.SendEmail -->
