<?xml version="1.0" encoding="UTF-8"?>
<!-- Generated by org.testng.reporters.JUnitReportReporter -->
<testsuite name="Test_Cases.Verify_dashboard" tests="1" time="6.077" ignored="6" failures="0" timestamp="14 Feb 2018 10:58:30 GMT" skipped="0" hostname="net04-PC" errors="0">
  <testcase name="take_screenshot" time="6.077" classname="Test_Cases.Verify_dashboard"/>
  <testcase name="verify_location" classname="Test_Cases.Verify_dashboard">
    <skipped/>
  </testcase> <!-- verify_location -->
  <testcase name="verify_cart" classname="Test_Cases.Verify_dashboard">
    <skipped/>
  </testcase> <!-- verify_cart -->
  <testcase name="verify_quicklinks" classname="Test_Cases.Verify_dashboard">
    <skipped/>
  </testcase> <!-- verify_quicklinks -->
  <testcase name="verify_contact" classname="Test_Cases.Verify_dashboard">
    <skipped/>
  </testcase> <!-- verify_contact -->
  <testcase name="verify_resto" classname="Test_Cases.Verify_dashboard">
    <skipped/>
  </testcase> <!-- verify_resto -->
  <testcase name="Headerlinks" classname="Test_Cases.Verify_dashboard">
    <skipped/>
  </testcase> <!-- Headerlinks -->
</testsuite> <!-- Test_Cases.Verify_dashboard -->
