<?xml version="1.0" encoding="UTF-8"?>
<!-- Generated by org.testng.reporters.JUnitReportReporter -->
<testsuite name="Test_Cases.t" tests="1" time="5.910" ignored="0" failures="0" timestamp="21 Feb 2018 05:42:33 GMT" skipped="0" hostname="net04-PC" errors="0">
  <testcase name="testT" time="5.910" classname="Test_Cases.t"/>
</testsuite> <!-- Test_Cases.t -->
