<?xml version="1.0" encoding="UTF-8"?>
<!-- Generated by org.testng.reporters.JUnitReportReporter -->
<testsuite name="Test_Cases.Sign_up" tests="1" time="4.634" ignored="0" failures="0" timestamp="09 Feb 2018 12:37:35 GMT" skipped="0" hostname="net04-PC" errors="0">
  <testcase name="verify_links" time="4.634" classname="Test_Cases.Sign_up"/>
</testsuite> <!-- Test_Cases.Sign_up -->
