<?xml version="1.0" encoding="UTF-8"?>
<!-- Generated by org.testng.reporters.JUnitReportReporter -->
<testsuite name="Test_Cases.Delete_loyalty_every" tests="3" time="286.245" ignored="0" failures="0" timestamp="04 Apr 2018 13:18:49 GMT" skipped="0" hostname="net04-PC" errors="0">
  <testcase name="login" time="8.632" classname="Test_Cases.Delete_loyalty_every"/>
  <testcase name="search" time="8.832" classname="Test_Cases.Delete_loyalty_every"/>
  <testcase name="delete" time="268.781" classname="Test_Cases.Delete_loyalty_every"/>
</testsuite> <!-- Test_Cases.Delete_loyalty_every -->
